<?xml version="1.0" encoding="UTF-8"?>
<!-- Generated by org.testng.reporters.JUnitReportReporter -->
<testsuite hostname="CMP202210S51421" failures="0" tests="1" name="Test02_Get.java.ResponseValidationTest" time="1.559" errors="0" timestamp="2024-04-30T16:23:07 EEST" skipped="0">
  <testcase classname="Test02_Get.java.ResponseValidationTest" name="testResponseFields" time="1.559"/>
</testsuite> <!-- Test02_Get.java.ResponseValidationTest -->
