<?xml version="1.0" encoding="UTF-8"?>
<!-- Generated by org.testng.reporters.JUnitReportReporter -->
<testsuite hostname="CMP202210S51421" failures="0" tests="5" name="BooksAPITesting" time="8.210" errors="0" timestamp="2024-04-30T18:03:49 EEST" skipped="0">
  <testcase classname="BooksAPITesting" name="testResponseFormat" time="1.361"/>
  <testcase classname="BooksAPITesting" name="testResponseFields" time="2.708"/>
  <testcase classname="BooksAPITesting" name="testAPIStatusCode" time="1.327"/>
  <testcase classname="BooksAPITesting" name="testResponseTime" time="1.463"/>
  <testcase classname="BooksAPITesting" name="testAPIStatusMessage" time="1.351"/>
</testsuite> <!-- BooksAPITesting -->
