<?xml version="1.0" encoding="UTF-8"?>
<!-- Generated by org.testng.reporters.JUnitReportReporter -->
<testsuite hostname="CMP202210S51421" failures="0" tests="1" name="Test02_Get.java.Response_Validation" time="1.626" errors="0" timestamp="2024-04-30T00:57:17 EEST" skipped="0">
  <testcase classname="Test02_Get.java.Response_Validation" name="testValidationErrorMessage" time="1.626"/>
</testsuite> <!-- Test02_Get.java.Response_Validation -->
