<?xml version="1.0" encoding="UTF-8"?>
<!-- Generated by org.testng.reporters.JUnitReportReporter -->
<testsuite hostname="CMP202210S51421" failures="0" tests="5" name="booksAPITests.StatusAPITesting" time="8.100" errors="0" timestamp="2024-05-02T21:57:13 EEST" skipped="0">
  <testcase classname="booksAPITests.StatusAPITesting" name="testStatusResponseFormat" time="1.431"/>
  <testcase classname="booksAPITests.StatusAPITesting" name="testStatusResponseMessage" time="2.618"/>
  <testcase classname="booksAPITests.StatusAPITesting" name="testStatusResponseTime" time="1.333"/>
  <testcase classname="booksAPITests.StatusAPITesting" name="testStatusResponseCode" time="1.361"/>
  <testcase classname="booksAPITests.StatusAPITesting" name="testStatusResponseFields" time="1.357"/>
</testsuite> <!-- booksAPITests.StatusAPITesting -->
