<?xml version="1.0" encoding="UTF-8"?>
<!-- Generated by org.testng.reporters.JUnitReportReporter -->
<testsuite hostname="CMP202210S51421" failures="0" tests="1" name="Test01_GET" time="1.919" errors="0" timestamp="2024-05-02T18:41:19 EEST" skipped="0">
  <testcase classname="Test01_GET" name="testResponseFields" time="1.919"/>
</testsuite> <!-- Test01_GET -->
