<?xml version="1.0" encoding="UTF-8"?>
<!-- Generated by org.testng.reporters.JUnitReportReporter -->
<testsuite hostname="CMP202210S51421" failures="0" tests="1" name="Test02_Get.java.RequestValidationTest" time="1.217" errors="0" timestamp="2024-04-30T13:19:56 EEST" skipped="0">
  <testcase classname="Test02_Get.java.RequestValidationTest" name="testRequestParameters" time="1.217"/>
</testsuite> <!-- Test02_Get.java.RequestValidationTest -->
