<?xml version="1.0" encoding="UTF-8"?>
<!-- Generated by org.testng.reporters.JUnitReportReporter -->
<testsuite hostname="CMP202210S51421" failures="0" tests="1" name="BooksAPITesting" time="3.330" errors="0" timestamp="2024-05-01T17:51:47 EEST" skipped="0">
  <testcase classname="BooksAPITesting" name="testGetBooksAndPrintResponse" time="3.330"/>
</testsuite> <!-- BooksAPITesting -->
