<?xml version="1.0" encoding="UTF-8"?>
<!-- Generated by org.testng.reporters.JUnitReportReporter -->
<testsuite hostname="CMP202210S51421" failures="0" tests="1" name="Test01_GET" time="1.180" errors="0" timestamp="2024-04-30T17:59:41 EEST" skipped="0">
  <testcase classname="Test01_GET" name="test_01" time="1.180"/>
</testsuite> <!-- Test01_GET -->
