<?xml version="1.0" encoding="UTF-8"?>
<!-- Generated by org.testng.reporters.JUnitReportReporter -->
<testsuite hostname="CMP202210S51421" failures="0" tests="1" name="Test02_Get.java.Test02_Get" time="1.165" errors="0" timestamp="2024-04-29T23:09:05 EEST" skipped="0">
  <testcase classname="Test02_Get.java.Test02_Get" name="testStatusCode" time="1.165"/>
</testsuite> <!-- Test02_Get.java.Test02_Get -->
