<?xml version="1.0" encoding="UTF-8"?>
<!-- Generated by org.testng.reporters.JUnitReportReporter -->
<testsuite hostname="CMP202210S51421" failures="0" tests="1" name="BooksAPITesting" time="2.910" errors="0" timestamp="2024-05-02T18:28:23 EEST" skipped="0">
  <testcase classname="BooksAPITesting" name="testAPIStatusCode" time="2.910"/>
</testsuite> <!-- BooksAPITesting -->
