<?xml version="1.0" encoding="UTF-8"?>
<!-- Generated by org.testng.reporters.JUnitReportReporter -->
<testsuite hostname="CMP202210S51421" failures="0" tests="1" name="apiTests.ResponseValidationTest" time="1.440" errors="0" timestamp="2024-05-01T23:03:37 EEST" skipped="0">
  <testcase classname="apiTests.ResponseValidationTest" name="testResponseFields" time="1.440"/>
</testsuite> <!-- apiTests.ResponseValidationTest -->
