<?xml version="1.0" encoding="UTF-8"?>
<!-- Generated by org.testng.reporters.JUnitReportReporter -->
<testsuite hostname="CMP202210S51421" failures="0" tests="1" name="booksAPITests.BooksAPITesting" time="4.026" errors="0" timestamp="2024-05-01T18:49:38 EEST" skipped="0">
  <testcase classname="booksAPITests.BooksAPITesting" name="testGetSpecificBook" time="4.026"/>
</testsuite> <!-- booksAPITests.BooksAPITesting -->
