<?xml version="1.0" encoding="UTF-8"?>
<!-- Generated by org.testng.reporters.JUnitReportReporter -->
<testsuite hostname="CMP202210S51421" failures="0" tests="1" name="booksAPITests.BooksAPITesting" time="3.955" errors="0" timestamp="2024-05-02T21:46:37 EEST" skipped="0">
  <testcase classname="booksAPITests.BooksAPITesting" name="testSpecificBookResponseFields" time="3.955"/>
</testsuite> <!-- booksAPITests.BooksAPITesting -->
