<?xml version="1.0" encoding="UTF-8"?>
<!-- Generated by org.testng.reporters.JUnitReportReporter -->
<testsuite hostname="CMP202210S51421" failures="0" tests="1" name="booksAPITests.StatusAPITesting" time="2.637" errors="0" timestamp="2024-05-02T18:31:56 EEST" skipped="0">
  <testcase classname="booksAPITests.StatusAPITesting" name="testAPIStatusCode" time="2.637"/>
</testsuite> <!-- booksAPITests.StatusAPITesting -->
