<?xml version="1.0" encoding="UTF-8"?>
<!-- Generated by org.testng.reporters.JUnitReportReporter -->
<testsuite hostname="CMP202210S51421" failures="0" tests="1" name="booksAPITests.BooksAPITesting" time="3.357" errors="0" timestamp="2024-05-01T18:45:51 EEST" skipped="0">
  <testcase classname="booksAPITests.BooksAPITesting" name="testGetSpecificBook" time="3.357"/>
</testsuite> <!-- booksAPITests.BooksAPITesting -->
