<?xml version="1.0" encoding="UTF-8"?>
<!-- Generated by org.testng.reporters.JUnitReportReporter -->
<testsuite hostname="CMP202210S51421" failures="0" tests="5" name="booksAPITests.StatusAPITesting" time="8.583" errors="0" timestamp="2024-05-02T21:18:47 EEST" skipped="0">
  <testcase classname="booksAPITests.StatusAPITesting" name="testStatusResponseFields" time="2.790"/>
  <testcase classname="booksAPITests.StatusAPITesting" name="testStatusResponseMessage" time="1.444"/>
  <testcase classname="booksAPITests.StatusAPITesting" name="testStatusResponseTime" time="1.508"/>
  <testcase classname="booksAPITests.StatusAPITesting" name="testStatusResponseCode" time="1.386"/>
  <testcase classname="booksAPITests.StatusAPITesting" name="testStatusResponseFormat" time="1.455"/>
</testsuite> <!-- booksAPITests.StatusAPITesting -->
