<?xml version="1.0" encoding="UTF-8"?>
<!-- Generated by org.testng.reporters.JUnitReportReporter -->
<testsuite hostname="CMP202210S51421" failures="0" tests="5" name="booksAPITests.StatusAPITesting" time="8.128" errors="0" timestamp="2024-05-01T18:18:28 EEST" skipped="0">
  <testcase classname="booksAPITests.StatusAPITesting" name="testResponseTime" time="1.323"/>
  <testcase classname="booksAPITests.StatusAPITesting" name="testAPIStatusMessage" time="1.437"/>
  <testcase classname="booksAPITests.StatusAPITesting" name="testResponseFields" time="1.342"/>
  <testcase classname="booksAPITests.StatusAPITesting" name="testResponseFormat" time="1.344"/>
  <testcase classname="booksAPITests.StatusAPITesting" name="testAPIStatusCode" time="2.682"/>
</testsuite> <!-- booksAPITests.StatusAPITesting -->
